<!DOCTYPE html PUBLIC "-//W3C//DTD XHTML 1.0 Transitional//EN" "http://www.w3.org/TR/xhtml1/DTD/xhtml1-transitional.dtd">
<!-- Generated by Apache Maven Doxia Site Renderer 1.8.1 from org.apache.maven.plugins:maven-surefire-report-plugin:2.22.2:report at 2026-02-19 -->
<html xmlns="http://www.w3.org/1999/xhtml" xml:lang="en" lang="en">
  <head>
    <meta http-equiv="Content-Type" content="text/html; charset=UTF-8" />
    <title>214-rec06 &#x2013; Surefire Report</title>
    <style type="text/css" media="all">
      @import url("./css/maven-base.css");
      @import url("./css/maven-theme.css");
      @import url("./css/site.css");
    </style>
    <link rel="stylesheet" href="./css/print.css" type="text/css" media="print" />
    <meta http-equiv="Content-Language" content="en" />
    
  </head>
  <body class="composite">
    <div id="banner">
<div id="bannerLeft">
214-rec06
</div>
      <div class="clear">
        <hr/>
      </div>
    </div>
    <div id="breadcrumbs">
      <div class="xleft">
        <span id="publishDate">Last Published: 2026-02-19</span>
          &nbsp;| <span id="projectVersion">Version: 1.0-SNAPSHOT</span>
      </div>
      <div class="xright"><a href="${project.url}" title="214-rec06">214-rec06</a>      </div>
      <div class="clear">
        <hr/>
      </div>
    </div>
    <div id="leftColumn">
      <div id="navcolumn">
       <h5>Project Documentation</h5>
    <ul>
     <li class="collapsed"><a href="project-info.html" title="Project Information">Project Information</a></li>
     <li class="expanded"><a href="project-reports.html" title="Project Reports">Project Reports</a>
      <ul>
       <li class="none"><strong>Surefire Report</strong></li>
       <li class="none"><a href="jacoco/index.html" title="JaCoCo">JaCoCo</a></li>
       <li class="none"><a href="jacoco-aggregate/index.html" title="JaCoCo Aggregate">JaCoCo Aggregate</a></li>
      </ul></li>
    </ul>
      <a href="http://maven.apache.org/" title="Built by Maven" class="poweredBy">
        <img class="poweredBy" alt="Built by Maven" src="./images/logos/maven-feather.png" />
      </a>
      </div>
    </div>
    <div id="bodyColumn">
      <div id="contentBox">
<script type="application/javascript">
//<![CDATA[
function toggleDisplay(elementId) {
 var elm = document.getElementById(elementId + '-error');
 if (elm == null) {
  elm = document.getElementById(elementId + '-failure');
 }
 if (elm && typeof elm.style != "undefined") {
  if (elm.style.display == "none") {
   elm.style.display = "";
   document.getElementById(elementId + '-off').style.display = "none";
   document.getElementById(elementId + '-on').style.display = "inline";
  } else if (elm.style.display == "") {   elm.style.display = "none";
   document.getElementById(elementId + '-off').style.display = "inline";
   document.getElementById(elementId + '-on').style.display = "none";
  } 
 } 
 }
//]]>
</script>
<div class="section">
<h2><a name="Surefire_Report"></a>Surefire Report</h2></div>
<div class="section">
<h2><a name="Summary"></a>Summary</h2><a name="Summary"></a>
<p>[<a href="#Summary">Summary</a>] [<a href="#Package_List">Package List</a>] [<a href="#Test_Cases">Test Cases</a>]</p><br />
<table border="1" class="bodyTable">
<tr class="a">
<th>Tests</th>
<th>Errors</th>
<th>Failures</th>
<th>Skipped</th>
<th>Success Rate</th>
<th>Time</th></tr>
<tr class="b">
<td>7</td>
<td>0</td>
<td>4</td>
<td>0</td>
<td>42.857%</td>
<td>0.076</td></tr></table><br />
<p>Note: failures are anticipated and checked for with assertions while errors are unanticipated.</p><br /></div>
<div class="section">
<h2><a name="Package_List"></a>Package List</h2><a name="Package_List"></a>
<p>[<a href="#Summary">Summary</a>] [<a href="#Package_List">Package List</a>] [<a href="#Test_Cases">Test Cases</a>]</p><br />
<table border="1" class="bodyTable">
<tr class="a">
<th>Package</th>
<th>Tests</th>
<th>Errors</th>
<th>Failures</th>
<th>Skipped</th>
<th>Success Rate</th>
<th>Time</th></tr>
<tr class="b">
<td><a href="#edu.cmu.cs.cs214.rec02">edu.cmu.cs.cs214.rec02</a></td>
<td>7</td>
<td>0</td>
<td>4</td>
<td>0</td>
<td>42.857%</td>
<td>0.076</td></tr></table><br />
<p>Note: package statistics are not computed recursively, they only sum up all of its testsuites numbers.</p>
<div class="section">
<h3><a name="edu.cmu.cs.cs214.rec02"></a>edu.cmu.cs.cs214.rec02</h3><a name="edu.cmu.cs.cs214.rec02"></a>
<table border="1" class="bodyTable">
<tr class="a">
<th></th>
<th>Class</th>
<th>Tests</th>
<th>Errors</th>
<th>Failures</th>
<th>Skipped</th>
<th>Success Rate</th>
<th>Time</th></tr>
<tr class="b">
<td><a href="#edu.cmu.cs.cs214.rec02.IntQueueTest"><img src="images/icon_warning_sml.gif" alt="" /></a></td>
<td><a href="#edu.cmu.cs.cs214.rec02.IntQueueTest">IntQueueTest</a></td>
<td>7</td>
<td>0</td>
<td>4</td>
<td>0</td>
<td>42.857%</td>
<td>0.076</td></tr></table></div><br /></div>
<div class="section">
<h2><a name="Test_Cases"></a>Test Cases</h2><a name="Test_Cases"></a>
<p>[<a href="#Summary">Summary</a>] [<a href="#Package_List">Package List</a>] [<a href="#Test_Cases">Test Cases</a>]</p>
<div class="section">
<h3><a name="IntQueueTest"></a>IntQueueTest</h3><a name="edu.cmu.cs.cs214.rec02.IntQueueTest"></a>
<table border="1" class="bodyTable">
<tr class="a">
<td><a href="#edu.cmu.cs.cs214.rec02.IntQueueTest.testNotEmpty"><img src="images/icon_error_sml.gif" alt="" /></a></td>
<td><a name="TC_edu.cmu.cs.cs214.rec02.IntQueueTest.testNotEmpty"></a><a href="#edu.cmu.cs.cs214.rec02.IntQueueTest.testNotEmpty">testNotEmpty</a>
<div class="detailToggle" style="display:inline"><a href="javascript:toggleDisplay('edu.cmu.cs.cs214.rec02.IntQueueTest.testNotEmpty');"><span style="display:inline;" id="edu.cmu.cs.cs214.rec02.IntQueueTest.testNotEmpty-off"> + </span><span style="display:none;" id="edu.cmu.cs.cs214.rec02.IntQueueTest.testNotEmpty-on"> - </span>[ Detail ]</a></div></td>
<td>0.018</td></tr>
<tr class="b">
<td></td>
<td></td>
<td></td></tr>
<tr class="a">
<td></td>
<td>
<div id="edu.cmu.cs.cs214.rec02.IntQueueTest.testNotEmpty-failure" style="display:none;">
<div>
<pre>java.lang.AssertionError
	at org.junit.Assert.fail(Assert.java:87)
	at org.junit.Assert.assertTrue(Assert.java:42)
	at org.junit.Assert.assertFalse(Assert.java:65)
	at org.junit.Assert.assertFalse(Assert.java:75)
	at edu.cmu.cs.cs214.rec02.IntQueueTest.testNotEmpty(IntQueueTest.java:57)
	at java.base/jdk.internal.reflect.DirectMethodHandleAccessor.invoke(DirectMethodHandleAccessor.java:103)
	at java.base/java.lang.reflect.Method.invoke(Method.java:580)
	at org.junit.runners.model.FrameworkMethod$1.runReflectiveCall(FrameworkMethod.java:59)
	at org.junit.internal.runners.model.ReflectiveCallable.run(ReflectiveCallable.java:12)
	at org.junit.runners.model.FrameworkMethod.invokeExplosively(FrameworkMethod.java:56)
	at org.junit.internal.runners.statements.InvokeMethod.evaluate(InvokeMethod.java:17)
	at org.junit.internal.runners.statements.RunBefores.evaluate(RunBefores.java:26)
	at org.junit.runners.ParentRunner$3.evaluate(ParentRunner.java:306)
	at org.junit.runners.BlockJUnit4ClassRunner$1.evaluate(BlockJUnit4ClassRunner.java:100)
	at org.junit.runners.ParentRunner.runLeaf(ParentRunner.java:366)
	at org.junit.runners.BlockJUnit4ClassRunner.runChild(BlockJUnit4ClassRunner.java:103)
	at org.junit.runners.BlockJUnit4ClassRunner.runChild(BlockJUnit4ClassRunner.java:63)
	at org.junit.runners.ParentRunner$4.run(ParentRunner.java:331)
	at org.junit.runners.ParentRunner$1.schedule(ParentRunner.java:79)
	at org.junit.runners.ParentRunner.runChildren(ParentRunner.java:329)
	at org.junit.runners.ParentRunner.access$100(ParentRunner.java:66)
	at org.junit.runners.ParentRunner$2.evaluate(ParentRunner.java:293)
	at org.junit.runners.ParentRunner$3.evaluate(ParentRunner.java:306)
	at org.junit.runners.ParentRunner.run(ParentRunner.java:413)
	at org.apache.maven.surefire.junit4.JUnit4Provider.execute(JUnit4Provider.java:316)
	at org.apache.maven.surefire.junit4.JUnit4Provider.executeWithRerun(JUnit4Provider.java:240)
	at org.apache.maven.surefire.junit4.JUnit4Provider.executeTestSet(JUnit4Provider.java:214)
	at org.apache.maven.surefire.junit4.JUnit4Provider.invoke(JUnit4Provider.java:155)
	at org.apache.maven.surefire.booter.ForkedBooter.runSuitesInProcess(ForkedBooter.java:385)
	at org.apache.maven.surefire.booter.ForkedBooter.execute(ForkedBooter.java:162)
	at org.apache.maven.surefire.booter.ForkedBooter.run(ForkedBooter.java:507)
	at org.apache.maven.surefire.booter.ForkedBooter.main(ForkedBooter.java:495)</pre></div></div></td>
<td></td></tr>
<tr class="b">
<td><img src="images/icon_success_sml.gif" alt="" /></td>
<td><a name="TC_edu.cmu.cs.cs214.rec02.IntQueueTest.testEnqueue"></a>testEnqueue</td>
<td>0</td></tr>
<tr class="a">
<td><img src="images/icon_success_sml.gif" alt="" /></td>
<td><a name="TC_edu.cmu.cs.cs214.rec02.IntQueueTest.testPeekNoEmptyQueue"></a>testPeekNoEmptyQueue</td>
<td>0</td></tr>
<tr class="b">
<td><a href="#edu.cmu.cs.cs214.rec02.IntQueueTest.testPeekEmptyQueue"><img src="images/icon_error_sml.gif" alt="" /></a></td>
<td><a name="TC_edu.cmu.cs.cs214.rec02.IntQueueTest.testPeekEmptyQueue"></a><a href="#edu.cmu.cs.cs214.rec02.IntQueueTest.testPeekEmptyQueue">testPeekEmptyQueue</a>
<div class="detailToggle" style="display:inline"><a href="javascript:toggleDisplay('edu.cmu.cs.cs214.rec02.IntQueueTest.testPeekEmptyQueue');"><span style="display:inline;" id="edu.cmu.cs.cs214.rec02.IntQueueTest.testPeekEmptyQueue-off"> + </span><span style="display:none;" id="edu.cmu.cs.cs214.rec02.IntQueueTest.testPeekEmptyQueue-on"> - </span>[ Detail ]</a></div></td>
<td>0</td></tr>
<tr class="a">
<td></td>
<td>expected null, but was:&lt;0&gt;</td>
<td></td></tr>
<tr class="b">
<td></td>
<td>
<div id="edu.cmu.cs.cs214.rec02.IntQueueTest.testPeekEmptyQueue-failure" style="display:none;">
<div>
<pre>java.lang.AssertionError: expected null, but was:&lt;0&gt;
	at org.junit.Assert.fail(Assert.java:89)
	at org.junit.Assert.failNotNull(Assert.java:756)
	at org.junit.Assert.assertNull(Assert.java:738)
	at org.junit.Assert.assertNull(Assert.java:748)
	at edu.cmu.cs.cs214.rec02.IntQueueTest.testPeekEmptyQueue(IntQueueTest.java:63)
	at java.base/jdk.internal.reflect.DirectMethodHandleAccessor.invoke(DirectMethodHandleAccessor.java:103)
	at java.base/java.lang.reflect.Method.invoke(Method.java:580)
	at org.junit.runners.model.FrameworkMethod$1.runReflectiveCall(FrameworkMethod.java:59)
	at org.junit.internal.runners.model.ReflectiveCallable.run(ReflectiveCallable.java:12)
	at org.junit.runners.model.FrameworkMethod.invokeExplosively(FrameworkMethod.java:56)
	at org.junit.internal.runners.statements.InvokeMethod.evaluate(InvokeMethod.java:17)
	at org.junit.internal.runners.statements.RunBefores.evaluate(RunBefores.java:26)
	at org.junit.runners.ParentRunner$3.evaluate(ParentRunner.java:306)
	at org.junit.runners.BlockJUnit4ClassRunner$1.evaluate(BlockJUnit4ClassRunner.java:100)
	at org.junit.runners.ParentRunner.runLeaf(ParentRunner.java:366)
	at org.junit.runners.BlockJUnit4ClassRunner.runChild(BlockJUnit4ClassRunner.java:103)
	at org.junit.runners.BlockJUnit4ClassRunner.runChild(BlockJUnit4ClassRunner.java:63)
	at org.junit.runners.ParentRunner$4.run(ParentRunner.java:331)
	at org.junit.runners.ParentRunner$1.schedule(ParentRunner.java:79)
	at org.junit.runners.ParentRunner.runChildren(ParentRunner.java:329)
	at org.junit.runners.ParentRunner.access$100(ParentRunner.java:66)
	at org.junit.runners.ParentRunner$2.evaluate(ParentRunner.java:293)
	at org.junit.runners.ParentRunner$3.evaluate(ParentRunner.java:306)
	at org.junit.runners.ParentRunner.run(ParentRunner.java:413)
	at org.apache.maven.surefire.junit4.JUnit4Provider.execute(JUnit4Provider.java:316)
	at org.apache.maven.surefire.junit4.JUnit4Provider.executeWithRerun(JUnit4Provider.java:240)
	at org.apache.maven.surefire.junit4.JUnit4Provider.executeTestSet(JUnit4Provider.java:214)
	at org.apache.maven.surefire.junit4.JUnit4Provider.invoke(JUnit4Provider.java:155)
	at org.apache.maven.surefire.booter.ForkedBooter.runSuitesInProcess(ForkedBooter.java:385)
	at org.apache.maven.surefire.booter.ForkedBooter.execute(ForkedBooter.java:162)
	at org.apache.maven.surefire.booter.ForkedBooter.run(ForkedBooter.java:507)
	at org.apache.maven.surefire.booter.ForkedBooter.main(ForkedBooter.java:495)</pre></div></div></td>
<td></td></tr>
<tr class="a">
<td><a href="#edu.cmu.cs.cs214.rec02.IntQueueTest.testContent"><img src="images/icon_error_sml.gif" alt="" /></a></td>
<td><a name="TC_edu.cmu.cs.cs214.rec02.IntQueueTest.testContent"></a><a href="#edu.cmu.cs.cs214.rec02.IntQueueTest.testContent">testContent</a>
<div class="detailToggle" style="display:inline"><a href="javascript:toggleDisplay('edu.cmu.cs.cs214.rec02.IntQueueTest.testContent');"><span style="display:inline;" id="edu.cmu.cs.cs214.rec02.IntQueueTest.testContent-off"> + </span><span style="display:none;" id="edu.cmu.cs.cs214.rec02.IntQueueTest.testContent-on"> - </span>[ Detail ]</a></div></td>
<td>0.019</td></tr>
<tr class="b">
<td></td>
<td>expected:&lt;null&gt; but was:&lt;1&gt;</td>
<td></td></tr>
<tr class="a">
<td></td>
<td>
<div id="edu.cmu.cs.cs214.rec02.IntQueueTest.testContent-failure" style="display:none;">
<div>
<pre>java.lang.AssertionError: expected:&lt;null&gt; but was:&lt;1&gt;
	at org.junit.Assert.fail(Assert.java:89)
	at org.junit.Assert.failNotEquals(Assert.java:835)
	at org.junit.Assert.assertEquals(Assert.java:120)
	at org.junit.Assert.assertEquals(Assert.java:146)
	at edu.cmu.cs.cs214.rec02.IntQueueTest.testContent(IntQueueTest.java:111)
	at java.base/jdk.internal.reflect.DirectMethodHandleAccessor.invoke(DirectMethodHandleAccessor.java:103)
	at java.base/java.lang.reflect.Method.invoke(Method.java:580)
	at org.junit.runners.model.FrameworkMethod$1.runReflectiveCall(FrameworkMethod.java:59)
	at org.junit.internal.runners.model.ReflectiveCallable.run(ReflectiveCallable.java:12)
	at org.junit.runners.model.FrameworkMethod.invokeExplosively(FrameworkMethod.java:56)
	at org.junit.internal.runners.statements.InvokeMethod.evaluate(InvokeMethod.java:17)
	at org.junit.internal.runners.statements.RunBefores.evaluate(RunBefores.java:26)
	at org.junit.runners.ParentRunner$3.evaluate(ParentRunner.java:306)
	at org.junit.runners.BlockJUnit4ClassRunner$1.evaluate(BlockJUnit4ClassRunner.java:100)
	at org.junit.runners.ParentRunner.runLeaf(ParentRunner.java:366)
	at org.junit.runners.BlockJUnit4ClassRunner.runChild(BlockJUnit4ClassRunner.java:103)
	at org.junit.runners.BlockJUnit4ClassRunner.runChild(BlockJUnit4ClassRunner.java:63)
	at org.junit.runners.ParentRunner$4.run(ParentRunner.java:331)
	at org.junit.runners.ParentRunner$1.schedule(ParentRunner.java:79)
	at org.junit.runners.ParentRunner.runChildren(ParentRunner.java:329)
	at org.junit.runners.ParentRunner.access$100(ParentRunner.java:66)
	at org.junit.runners.ParentRunner$2.evaluate(ParentRunner.java:293)
	at org.junit.runners.ParentRunner$3.evaluate(ParentRunner.java:306)
	at org.junit.runners.ParentRunner.run(ParentRunner.java:413)
	at org.apache.maven.surefire.junit4.JUnit4Provider.execute(JUnit4Provider.java:316)
	at org.apache.maven.surefire.junit4.JUnit4Provider.executeWithRerun(JUnit4Provider.java:240)
	at org.apache.maven.surefire.junit4.JUnit4Provider.executeTestSet(JUnit4Provider.java:214)
	at org.apache.maven.surefire.junit4.JUnit4Provider.invoke(JUnit4Provider.java:155)
	at org.apache.maven.surefire.booter.ForkedBooter.runSuitesInProcess(ForkedBooter.java:385)
	at org.apache.maven.surefire.booter.ForkedBooter.execute(ForkedBooter.java:162)
	at org.apache.maven.surefire.booter.ForkedBooter.run(ForkedBooter.java:507)
	at org.apache.maven.surefire.booter.ForkedBooter.main(ForkedBooter.java:495)</pre></div></div></td>
<td></td></tr>
<tr class="b">
<td><a href="#edu.cmu.cs.cs214.rec02.IntQueueTest.testDequeue"><img src="images/icon_error_sml.gif" alt="" /></a></td>
<td><a name="TC_edu.cmu.cs.cs214.rec02.IntQueueTest.testDequeue"></a><a href="#edu.cmu.cs.cs214.rec02.IntQueueTest.testDequeue">testDequeue</a>
<div class="detailToggle" style="display:inline"><a href="javascript:toggleDisplay('edu.cmu.cs.cs214.rec02.IntQueueTest.testDequeue');"><span style="display:inline;" id="edu.cmu.cs.cs214.rec02.IntQueueTest.testDequeue-off"> + </span><span style="display:none;" id="edu.cmu.cs.cs214.rec02.IntQueueTest.testDequeue-on"> - </span>[ Detail ]</a></div></td>
<td>0</td></tr>
<tr class="a">
<td></td>
<td>expected:&lt;2&gt; but was:&lt;null&gt;</td>
<td></td></tr>
<tr class="b">
<td></td>
<td>
<div id="edu.cmu.cs.cs214.rec02.IntQueueTest.testDequeue-failure" style="display:none;">
<div>
<pre>java.lang.AssertionError: expected:&lt;2&gt; but was:&lt;null&gt;
	at org.junit.Assert.fail(Assert.java:89)
	at org.junit.Assert.failNotEquals(Assert.java:835)
	at org.junit.Assert.assertEquals(Assert.java:120)
	at org.junit.Assert.assertEquals(Assert.java:146)
	at edu.cmu.cs.cs214.rec02.IntQueueTest.testDequeue(IntQueueTest.java:89)
	at java.base/jdk.internal.reflect.DirectMethodHandleAccessor.invoke(DirectMethodHandleAccessor.java:103)
	at java.base/java.lang.reflect.Method.invoke(Method.java:580)
	at org.junit.runners.model.FrameworkMethod$1.runReflectiveCall(FrameworkMethod.java:59)
	at org.junit.internal.runners.model.ReflectiveCallable.run(ReflectiveCallable.java:12)
	at org.junit.runners.model.FrameworkMethod.invokeExplosively(FrameworkMethod.java:56)
	at org.junit.internal.runners.statements.InvokeMethod.evaluate(InvokeMethod.java:17)
	at org.junit.internal.runners.statements.RunBefores.evaluate(RunBefores.java:26)
	at org.junit.runners.ParentRunner$3.evaluate(ParentRunner.java:306)
	at org.junit.runners.BlockJUnit4ClassRunner$1.evaluate(BlockJUnit4ClassRunner.java:100)
	at org.junit.runners.ParentRunner.runLeaf(ParentRunner.java:366)
	at org.junit.runners.BlockJUnit4ClassRunner.runChild(BlockJUnit4ClassRunner.java:103)
	at org.junit.runners.BlockJUnit4ClassRunner.runChild(BlockJUnit4ClassRunner.java:63)
	at org.junit.runners.ParentRunner$4.run(ParentRunner.java:331)
	at org.junit.runners.ParentRunner$1.schedule(ParentRunner.java:79)
	at org.junit.runners.ParentRunner.runChildren(ParentRunner.java:329)
	at org.junit.runners.ParentRunner.access$100(ParentRunner.java:66)
	at org.junit.runners.ParentRunner$2.evaluate(ParentRunner.java:293)
	at org.junit.runners.ParentRunner$3.evaluate(ParentRunner.java:306)
	at org.junit.runners.ParentRunner.run(ParentRunner.java:413)
	at org.apache.maven.surefire.junit4.JUnit4Provider.execute(JUnit4Provider.java:316)
	at org.apache.maven.surefire.junit4.JUnit4Provider.executeWithRerun(JUnit4Provider.java:240)
	at org.apache.maven.surefire.junit4.JUnit4Provider.executeTestSet(JUnit4Provider.java:214)
	at org.apache.maven.surefire.junit4.JUnit4Provider.invoke(JUnit4Provider.java:155)
	at org.apache.maven.surefire.booter.ForkedBooter.runSuitesInProcess(ForkedBooter.java:385)
	at org.apache.maven.surefire.booter.ForkedBooter.execute(ForkedBooter.java:162)
	at org.apache.maven.surefire.booter.ForkedBooter.run(ForkedBooter.java:507)
	at org.apache.maven.surefire.booter.ForkedBooter.main(ForkedBooter.java:495)</pre></div></div></td>
<td></td></tr>
<tr class="a">
<td><img src="images/icon_success_sml.gif" alt="" /></td>
<td><a name="TC_edu.cmu.cs.cs214.rec02.IntQueueTest.testIsEmpty"></a>testIsEmpty</td>
<td>0</td></tr></table></div><br /></div>
<div class="section">
<h2><a name="Failure_Details"></a>Failure Details</h2><a name="Failure_Details"></a>
<p>[<a href="#Summary">Summary</a>] [<a href="#Package_List">Package List</a>] [<a href="#Test_Cases">Test Cases</a>]</p><br />
<table border="1" class="bodyTable">
<tr class="a">
<td><img src="images/icon_error_sml.gif" alt="" /></td>
<td><a name="edu.cmu.cs.cs214.rec02.IntQueueTest.testNotEmpty"></a>testNotEmpty</td></tr>
<tr class="b">
<td></td>
<td>java.lang.AssertionError</td></tr>
<tr class="a">
<td></td>
<td>
<div id="testNotEmpty-failure">edu.cmu.cs.cs214.rec02.IntQueueTest:57</div></td></tr>
<tr class="b">
<td><img src="images/icon_error_sml.gif" alt="" /></td>
<td><a name="edu.cmu.cs.cs214.rec02.IntQueueTest.testPeekEmptyQueue"></a>testPeekEmptyQueue</td></tr>
<tr class="a">
<td></td>
<td>java.lang.AssertionError: expected null, but was:&lt;0&gt;</td></tr>
<tr class="b">
<td></td>
<td>
<div id="testPeekEmptyQueue-failure">edu.cmu.cs.cs214.rec02.IntQueueTest:63</div></td></tr>
<tr class="a">
<td><img src="images/icon_error_sml.gif" alt="" /></td>
<td><a name="edu.cmu.cs.cs214.rec02.IntQueueTest.testContent"></a>testContent</td></tr>
<tr class="b">
<td></td>
<td>java.lang.AssertionError: expected:&lt;null&gt; but was:&lt;1&gt;</td></tr>
<tr class="a">
<td></td>
<td>
<div id="testContent-failure">edu.cmu.cs.cs214.rec02.IntQueueTest:111</div></td></tr>
<tr class="b">
<td><img src="images/icon_error_sml.gif" alt="" /></td>
<td><a name="edu.cmu.cs.cs214.rec02.IntQueueTest.testDequeue"></a>testDequeue</td></tr>
<tr class="a">
<td></td>
<td>java.lang.AssertionError: expected:&lt;2&gt; but was:&lt;null&gt;</td></tr>
<tr class="b">
<td></td>
<td>
<div id="testDequeue-failure">edu.cmu.cs.cs214.rec02.IntQueueTest:89</div></td></tr></table><br /></div>
      </div>
    </div>
    <div class="clear">
      <hr/>
    </div>
    <div id="footer">
      <div class="xright">
        Copyright &#169;      2026.All rights reserved.      </div>
      <div class="clear">
        <hr/>
      </div>
    </div>
  </body>
</html>
