<?xml version="1.0" encoding="UTF-8" standalone="yes"?><!DOCTYPE report PUBLIC "-//JACOCO//DTD Report 1.1//EN" "report.dtd"><report name="214-rec06"><sessioninfo id="Fabios-MacBook-Pro-2.local-6a4ab0cb" start="1771554192904" dump="1771554193269"/><sessioninfo id="Fabios-MacBook-Pro-2.local-a6927370" start="1771554201824" dump="1771554202117"/><sessioninfo id="Fabios-MacBook-Pro-2.local-91283885" start="1771554322490" dump="1771554322779"/><sessioninfo id="Fabios-MacBook-Pro-2.local-a8416466" start="1771556413572" dump="1771556413917"/></report>