<?xml version="1.0" encoding="UTF-8" standalone="yes"?><!DOCTYPE report PUBLIC "-//JACOCO//DTD Report 1.1//EN" "report.dtd"><report name="214-rec06"><sessioninfo id="Fabios-MacBook-Pro-2.local-6a4ab0cb" start="1771554192904" dump="1771554193269"/><sessioninfo id="Fabios-MacBook-Pro-2.local-a6927370" start="1771554201824" dump="1771554202117"/><sessioninfo id="Fabios-MacBook-Pro-2.local-91283885" start="1771554322490" dump="1771554322779"/><sessioninfo id="Fabios-MacBook-Pro-2.local-a8416466" start="1771556413572" dump="1771556413917"/><sessioninfo id="Fabios-MacBook-Pro-2.local-6dfccd2a" start="1771556788783" dump="1771556789126"/><sessioninfo id="Fabios-MacBook-Pro-2.local-83a0e481" start="1771556931609" dump="1771556931893"/><sessioninfo id="Fabios-MacBook-Pro-2.local-9e3aa28d" start="1771557015538" dump="1771557015803"/><sessioninfo id="Fabios-MacBook-Pro-2.local-1a2103c2" start="1771557533805" dump="1771557534214"/><sessioninfo id="Fabios-MacBook-Pro-2.local-477539c4" start="1771557610117" dump="1771557610383"/><sessioninfo id="Fabios-MacBook-Pro-2.local-b6a48a29" start="1771557849094" dump="1771557849394"/><sessioninfo id="Fabios-MacBook-Pro-2.local-d22573da" start="1771557909963" dump="1771557910262"/><sessioninfo id="Fabios-MacBook-Pro-2.local-550e871d" start="1771558002986" dump="1771558003313"/><sessioninfo id="Fabios-MacBook-Pro-2.local-9aa529e9" start="1771558107899" dump="1771558108226"/><sessioninfo id="Fabios-MacBook-Pro-2.local-1151feb6" start="1771558151518" dump="1771558151837"/><sessioninfo id="Fabios-MacBook-Pro-2.local-769ac8b4" start="1771558172231" dump="1771558172545"/><sessioninfo id="Fabios-MacBook-Pro-2.local-648dbd0a" start="1771558265146" dump="1771558265418"/><sessioninfo id="Fabios-MacBook-Pro-2.local-4bc6cec8" start="1771558278106" dump="1771558278472"/><sessioninfo id="Fabios-MacBook-Pro-2.local-b0f59779" start="1771558285558" dump="1771558285820"/><sessioninfo id="Fabios-MacBook-Pro-2.local-ec49a91d" start="1771558652195" dump="1771558652473"/><sessioninfo id="Fabios-MacBook-Pro-2.local-7ad07500" start="1771558793186" dump="1771558793455"/><package name="edu/cmu/cs/cs214/rec02"><class name="edu/cmu/cs/cs214/rec02/ArrayIntQueue" sourcefilename="ArrayIntQueue.java"><method name="&lt;init&gt;" desc="()V" line="41"><counter type="INSTRUCTION" missed="0" covered="13"/><counter type="LINE" missed="0" covered="5"/><counter type="COMPLEXITY" missed="0" covered="1"/><counter type="METHOD" missed="0" covered="1"/></method><method name="clear" desc="()V" line="49"><counter type="INSTRUCTION" missed="0" covered="11"/><counter type="LINE" missed="0" covered="4"/><counter type="COMPLEXITY" missed="0" covered="1"/><counter type="METHOD" missed="0" covered="1"/></method><method name="dequeue" desc="()Ljava/lang/Integer;" line="56"><counter type="INSTRUCTION" missed="0" covered="30"/><counter type="BRANCH" missed="0" covered="2"/><counter type="LINE" missed="0" covered="6"/><counter type="COMPLEXITY" missed="0" covered="2"/><counter type="METHOD" missed="0" covered="1"/></method><method name="enqueue" desc="(Ljava/lang/Integer;)Z" line="67"><counter type="INSTRUCTION" missed="0" covered="26"/><counter type="LINE" missed="0" covered="5"/><counter type="COMPLEXITY" missed="0" covered="1"/><counter type="METHOD" missed="0" covered="1"/></method><method name="isEmpty" desc="()Z" line="76"><counter type="INSTRUCTION" missed="0" covered="7"/><counter type="BRANCH" missed="0" covered="2"/><counter type="LINE" missed="0" covered="1"/><counter type="COMPLEXITY" missed="0" covered="2"/><counter type="METHOD" missed="0" covered="1"/></method><method name="peek" desc="()Ljava/lang/Integer;" line="81"><counter type="INSTRUCTION" missed="0" covered="12"/><counter type="BRANCH" missed="0" covered="2"/><counter type="LINE" missed="0" covered="3"/><counter type="COMPLEXITY" missed="0" covered="2"/><counter type="METHOD" missed="0" covered="1"/></method><method name="size" desc="()I" line="89"><counter type="INSTRUCTION" missed="0" covered="3"/><counter type="LINE" missed="0" covered="1"/><counter type="COMPLEXITY" missed="0" covered="1"/><counter type="METHOD" missed="0" covered="1"/></method><method name="ensureCapacity" desc="()V" line="97"><counter type="INSTRUCTION" missed="0" covered="64"/><counter type="BRANCH" missed="0" covered="6"/><counter type="LINE" missed="0" covered="11"/><counter type="COMPLEXITY" missed="0" covered="4"/><counter type="METHOD" missed="0" covered="1"/></method><counter type="INSTRUCTION" missed="0" covered="166"/><counter type="BRANCH" missed="0" covered="12"/><counter type="LINE" missed="0" covered="36"/><counter type="COMPLEXITY" missed="0" covered="14"/><counter type="METHOD" missed="0" covered="8"/><counter type="CLASS" missed="0" covered="1"/></class><class name="edu/cmu/cs/cs214/rec02/IntQueue" sourcefilename="IntQueue.java"/><sourcefile name="IntQueue.java"/><sourcefile name="ArrayIntQueue.java"><line nr="41" mi="0" ci="2" mb="0" cb="0"/><line nr="42" mi="0" ci="4" mb="0" cb="0"/><line nr="43" mi="0" ci="3" mb="0" cb="0"/><line nr="44" mi="0" ci="3" mb="0" cb="0"/><line nr="45" mi="0" ci="1" mb="0" cb="0"/><line nr="49" mi="0" ci="4" mb="0" cb="0"/><line nr="50" mi="0" ci="3" mb="0" cb="0"/><line nr="51" mi="0" ci="3" mb="0" cb="0"/><line nr="52" mi="0" ci="1" mb="0" cb="0"/><line nr="56" mi="0" ci="3" mb="0" cb="2"/><line nr="57" mi="0" ci="2" mb="0" cb="0"/><line nr="59" mi="0" ci="7" mb="0" cb="0"/><line nr="60" mi="0" ci="10" mb="0" cb="0"/><line nr="61" mi="0" ci="6" mb="0" cb="0"/><line nr="62" mi="0" ci="2" mb="0" cb="0"/><line nr="67" mi="0" ci="2" mb="0" cb="0"/><line nr="68" mi="0" ci="10" mb="0" cb="0"/><line nr="69" mi="0" ci="6" mb="0" cb="0"/><line nr="70" mi="0" ci="6" mb="0" cb="0"/><line nr="71" mi="0" ci="2" mb="0" cb="0"/><line nr="76" mi="0" ci="7" mb="0" cb="2"/><line nr="81" mi="0" ci="3" mb="0" cb="2"/><line nr="82" mi="0" ci="2" mb="0" cb="0"/><line nr="84" mi="0" ci="7" mb="0" cb="0"/><line nr="89" mi="0" ci="3" mb="0" cb="0"/><line nr="97" mi="0" ci="6" mb="0" cb="2"/><line nr="98" mi="0" ci="4" mb="0" cb="0"/><line nr="99" mi="0" ci="6" mb="0" cb="0"/><line nr="100" mi="0" ci="3" mb="0" cb="0"/><line nr="101" mi="0" ci="8" mb="0" cb="2"/><line nr="102" mi="0" ci="10" mb="0" cb="0"/><line nr="104" mi="0" ci="8" mb="0" cb="2"/><line nr="105" mi="0" ci="12" mb="0" cb="0"/><line nr="107" mi="0" ci="3" mb="0" cb="0"/><line nr="108" mi="0" ci="3" mb="0" cb="0"/><line nr="110" mi="0" ci="1" mb="0" cb="0"/><counter type="INSTRUCTION" missed="0" covered="166"/><counter type="BRANCH" missed="0" covered="12"/><counter type="LINE" missed="0" covered="36"/><counter type="COMPLEXITY" missed="0" covered="14"/><counter type="METHOD" missed="0" covered="8"/><counter type="CLASS" missed="0" covered="1"/></sourcefile><counter type="INSTRUCTION" missed="0" covered="166"/><counter type="BRANCH" missed="0" covered="12"/><counter type="LINE" missed="0" covered="36"/><counter type="COMPLEXITY" missed="0" covered="14"/><counter type="METHOD" missed="0" covered="8"/><counter type="CLASS" missed="0" covered="1"/></package><counter type="INSTRUCTION" missed="0" covered="166"/><counter type="BRANCH" missed="0" covered="12"/><counter type="LINE" missed="0" covered="36"/><counter type="COMPLEXITY" missed="0" covered="14"/><counter type="METHOD" missed="0" covered="8"/><counter type="CLASS" missed="0" covered="1"/></report>